2021-10-12 20:53:02,254:INFO:PyCaret Supervised Module
2021-10-12 20:53:02,255:INFO:ML Usecase: regression
2021-10-12 20:53:02,255:INFO:version 2.3.4
2021-10-12 20:53:02,255:INFO:Initializing setup()
2021-10-12 20:53:02,255:INFO:setup(target=WERT, ml_usecase=regression, available_plots={'parameter': 'Hyperparameters', 'residuals': 'Residuals', 'error': 'Prediction Error', 'cooks': 'Cooks Distance', 'rfe': 'Feature Selection', 'learning': 'Learning Curve', 'manifold': 'Manifold Learning', 'vc': 'Validation Curve', 'feature': 'Feature Importance', 'feature_all': 'Feature Importance (All)', 'tree': 'Decision Tree', 'residuals_interactive': 'Interactive Residuals'}, train_size=0.7, test_data=    JAHR MONAT  WERT
13  2020    01  28.0
14  2020    02  40.0
15  2020    03  27.0
16  2020    04  26.0
17  2020    05  40.0
18  2020    06  49.0
19  2020    07  58.0
20  2020    08  46.0
21  2020    09  46.0
22  2020    10  34.0
23  2020    11  23.0
24  2020    12  13.0
26  2019    01  22.0
27  2019    02  28.0
28  2019    03  34.0
29  2019    04  36.0
30  2019    05  39.0
31  2019    06  40.0
32  2019    07  48.0
33  2019    08  31.0
34  2019    09  47.0
35  2019    10  45.0
36  2019    11  29.0
37  2019    12  35.0
39  2018    01  22.0
40  2018    02  24.0
41  2018    03  32.0
42  2018    04  25.0
43  2018    05  34.0
44  2018    06  39.0
45  2018    07  51.0
46  2018    08  40.0
47  2018    09  36.0
48  2018    10  43.0
49  2018    11  31.0
50  2018    12  21.0, preprocess=True, imputation_type=simple, iterative_imputation_iters=5, categorical_features=None, categorical_imputation=constant, categorical_iterative_imputer=lightgbm, ordinal_features=None, high_cardinality_features=None, high_cardinality_method=frequency, numeric_features=['JAHR', 'MONAT'], numeric_imputation=mean, numeric_iterative_imputer=lightgbm, date_features=None, ignore_features=None, normalize=False, normalize_method=zscore, transformation=False, transformation_method=yeo-johnson, handle_unknown_categorical=True, unknown_categorical_method=least_frequent, pca=False, pca_method=linear, pca_components=None, ignore_low_variance=False, combine_rare_levels=False, rare_level_threshold=0.1, bin_numeric_features=None, remove_outliers=False, outliers_threshold=0.05, remove_multicollinearity=False, multicollinearity_threshold=0.9, remove_perfect_collinearity=True, create_clusters=False, cluster_iter=20, polynomial_features=False, polynomial_degree=2, trigonometry_features=False, polynomial_threshold=0.1, group_features=None, group_names=None, feature_selection=False, feature_selection_threshold=0.8, feature_selection_method=classic, feature_interaction=False, feature_ratio=False, interaction_threshold=0.01, fix_imbalance=False, fix_imbalance_method=None, transform_target=True, transform_target_method=box-cox, data_split_shuffle=True, data_split_stratify=False, fold_strategy=timeseries, fold=3, fold_shuffle=False, fold_groups=None, n_jobs=-1, use_gpu=False, custom_pipeline=None, html=True, session_id=None, log_experiment=False, experiment_name=None, log_plots=False, log_profile=False, log_data=False, silent=False, verbose=True, profile=False, profile_kwargs=None, display=None)
2021-10-12 20:53:02,255:INFO:Checking environment
2021-10-12 20:53:02,255:INFO:python_version: 3.7.10
2021-10-12 20:53:02,256:INFO:python_build: ('default', 'Feb 26 2021 13:06:18')
2021-10-12 20:53:02,256:INFO:machine: AMD64
2021-10-12 20:53:02,256:INFO:platform: Windows-10-10.0.19041-SP0
2021-10-12 20:53:02,256:INFO:Memory: svmem(total=16949727232, available=3565539328, percent=79.0, used=13384187904, free=3565539328)
2021-10-12 20:53:02,256:INFO:Physical Core: 8
2021-10-12 20:53:02,256:INFO:Logical Core: 16
2021-10-12 20:53:02,256:INFO:Checking libraries
2021-10-12 20:53:02,256:INFO:pd==1.2.3
2021-10-12 20:53:02,256:INFO:numpy==1.19.2
2021-10-12 20:53:02,256:INFO:sklearn==0.23.2
2021-10-12 20:53:02,256:INFO:lightgbm==3.3.0
2021-10-12 20:53:07,170:INFO:catboost==1.0.0
2021-10-12 20:53:09,563:INFO:xgboost==1.1.1
2021-10-12 20:53:10,563:INFO:mlflow==1.20.2
2021-10-12 20:53:10,564:INFO:Checking Exceptions
2021-10-12 20:53:10,564:INFO:Declaring global variables
2021-10-12 20:53:10,564:INFO:USI: d130
2021-10-12 20:53:10,564:INFO:pycaret_globals: {'_all_models_internal', 'X_test', 'html_param', '_available_plots', 'fold_groups_param_full', 'seed', 'log_plots_param', 'n_jobs_param', 'prep_pipe', 'imputation_classifier', 'display_container', 'data_before_preprocess', '_all_models', 'fold_shuffle_param', '_ml_usecase', 'fold_param', 'imputation_regressor', 'USI', 'iterative_imputation_iters_param', 'y_train', 'stratify_param', 'y_test', 'X', 'transform_target_method_param', 'transform_target_param', 'X_train', 'exp_name_log', 'target_param', 'master_model_container', 'fix_imbalance_param', 'experiment__', 'fold_generator', 'gpu_param', 'fold_groups_param', '_gpu_n_jobs_param', 'fix_imbalance_method_param', 'create_model_container', '_internal_pipeline', 'pycaret_globals', 'y', '_all_metrics', 'logging_param'}
2021-10-12 20:53:10,564:INFO:Preparing display monitor
2021-10-12 20:53:10,564:INFO:Preparing display monitor
2021-10-12 20:53:10,575:INFO:Importing libraries
2021-10-12 20:53:10,575:INFO:Copying data for preprocessing
2021-10-12 20:53:10,582:INFO:Declaring preprocessing parameters
2021-10-12 20:53:10,583:INFO:Creating preprocessing pipeline
2021-10-12 20:53:10,586:INFO:Preprocessing pipeline created successfully
2021-10-12 20:53:10,586:ERROR:(Process Exit): setup has been interupted with user command 'quit'. setup must rerun.
2021-10-12 20:53:10,586:INFO:Creating global containers
2021-10-12 20:53:10,588:INFO:Internal pipeline: Pipeline(memory=None, steps=[('empty_step', 'passthrough')], verbose=False)
2021-10-12 20:54:01,035:INFO:Creating grid variables
2021-10-12 20:54:01,050:INFO:create_model_container: 0
2021-10-12 20:54:01,051:INFO:master_model_container: 0
2021-10-12 20:54:01,051:INFO:display_container: 1
2021-10-12 20:54:01,055:INFO:Pipeline(memory=None,
         steps=[('dtypes',
                 DataTypes_Auto_infer(categorical_features=[],
                                      display_types=True, features_todrop=[],
                                      id_columns=[], ml_usecase='regression',
                                      numerical_features=['JAHR', 'MONAT'],
                                      target='WERT', time_features=[])),
                ('imputer',
                 Simple_Imputer(categorical_strategy='not_available',
                                fill_value_categorical=None,
                                fill_value_numerical=None,
                                numer...
                ('scaling', 'passthrough'), ('P_transform', 'passthrough'),
                ('binn', 'passthrough'), ('rem_outliers', 'passthrough'),
                ('cluster_all', 'passthrough'),
                ('dummy', Dummify(target='WERT')),
                ('fix_perfect', Remove_100(target='WERT')),
                ('clean_names', Clean_Colum_Names()),
                ('feature_select', 'passthrough'), ('fix_multi', 'passthrough'),
                ('dfs', 'passthrough'), ('pca', 'passthrough')],
         verbose=False)
2021-10-12 20:54:01,055:INFO:setup() succesfully completed......................................
2021-10-12 20:54:51,737:INFO:Initializing compare_models()
2021-10-12 20:54:51,737:INFO:compare_models(include=None, fold=None, round=4, cross_validation=True, sort=MAE, n_select=1, budget_time=None, turbo=True, errors=ignore, fit_kwargs=None, groups=None, verbose=True, display=None, exclude=None)
2021-10-12 20:54:51,737:INFO:Checking exceptions
2021-10-12 20:54:51,737:INFO:Preparing display monitor
2021-10-12 20:54:51,738:INFO:Preparing display monitor
2021-10-12 20:54:51,761:INFO:Initializing Linear Regression
2021-10-12 20:54:51,762:INFO:Total runtime is 1.6629695892333984e-05 minutes
2021-10-12 20:54:51,769:INFO:SubProcess create_model() called ==================================
2021-10-12 20:54:51,770:INFO:Initializing create_model()
2021-10-12 20:54:51,770:INFO:create_model(estimator=lr, fold=TimeSeriesSplit(max_train_size=None, n_splits=3), round=4, cross_validation=True, predict=True, fit_kwargs={}, groups=None, refit=False, verbose=False, system=False, metrics=None, add_to_model_list=True, display=<pycaret.internal.Display.Display object at 0x000001B96390EF48>, kwargs={})
2021-10-12 20:54:51,770:INFO:Checking exceptions
2021-10-12 20:54:51,770:INFO:Importing libraries
2021-10-12 20:54:51,771:INFO:Copying training dataset
2021-10-12 20:54:51,771:INFO:Defining folds
2021-10-12 20:54:51,772:INFO:Declaring metric variables
2021-10-12 20:54:51,779:INFO:Importing untrained model
2021-10-12 20:54:51,789:INFO:Linear Regression Imported succesfully
2021-10-12 20:54:51,805:INFO:Starting cross validation
2021-10-12 20:54:51,812:INFO:Cross validating with TimeSeriesSplit(max_train_size=None, n_splits=3), n_jobs=-1
2021-10-12 20:54:59,541:INFO:Calculating mean and std
2021-10-12 20:54:59,542:INFO:Creating metrics dataframe
2021-10-12 20:54:59,546:INFO:Uploading results into container
2021-10-12 20:54:59,546:INFO:Uploading model into container now
2021-10-12 20:54:59,546:INFO:create_model_container: 1
2021-10-12 20:54:59,546:INFO:master_model_container: 1
2021-10-12 20:54:59,546:INFO:display_container: 2
2021-10-12 20:54:59,546:INFO:PowerTransformedTargetRegressor(copy_X=True, fit_intercept=True, n_jobs=-1,
                                normalize=False,
                                power_transformer_method='box-cox',
                                power_transformer_standardize=True,
                                regressor=LinearRegression(copy_X=True,
                                                           fit_intercept=True,
                                                           n_jobs=-1,
                                                           normalize=False))
2021-10-12 20:54:59,546:INFO:create_model() succesfully completed......................................
2021-10-12 20:54:59,624:INFO:SubProcess create_model() end ==================================
2021-10-12 20:54:59,624:INFO:Creating metrics dataframe
2021-10-12 20:54:59,640:INFO:Initializing Lasso Regression
2021-10-12 20:54:59,641:INFO:Total runtime is 0.13133996327718098 minutes
2021-10-12 20:54:59,648:INFO:SubProcess create_model() called ==================================
2021-10-12 20:54:59,648:INFO:Initializing create_model()
2021-10-12 20:54:59,648:INFO:create_model(estimator=lasso, fold=TimeSeriesSplit(max_train_size=None, n_splits=3), round=4, cross_validation=True, predict=True, fit_kwargs={}, groups=None, refit=False, verbose=False, system=False, metrics=None, add_to_model_list=True, display=<pycaret.internal.Display.Display object at 0x000001B96390EF48>, kwargs={})
2021-10-12 20:54:59,648:INFO:Checking exceptions
2021-10-12 20:54:59,648:INFO:Importing libraries
2021-10-12 20:54:59,648:INFO:Copying training dataset
2021-10-12 20:54:59,649:INFO:Defining folds
2021-10-12 20:54:59,649:INFO:Declaring metric variables
2021-10-12 20:54:59,656:INFO:Importing untrained model
2021-10-12 20:54:59,663:INFO:Lasso Regression Imported succesfully
2021-10-12 20:54:59,676:INFO:Starting cross validation
2021-10-12 20:54:59,676:INFO:Cross validating with TimeSeriesSplit(max_train_size=None, n_splits=3), n_jobs=-1
2021-10-12 20:55:01,838:INFO:Calculating mean and std
2021-10-12 20:55:01,839:INFO:Creating metrics dataframe
2021-10-12 20:55:01,843:INFO:Uploading results into container
2021-10-12 20:55:01,843:INFO:Uploading model into container now
2021-10-12 20:55:01,843:INFO:create_model_container: 2
2021-10-12 20:55:01,843:INFO:master_model_container: 2
2021-10-12 20:55:01,843:INFO:display_container: 2
2021-10-12 20:55:01,844:INFO:PowerTransformedTargetRegressor(alpha=1.0, copy_X=True, fit_intercept=True,
                                max_iter=1000, normalize=False, positive=False,
                                power_transformer_method='box-cox',
                                power_transformer_standardize=True,
                                precompute=False, random_state=4762,
                                regressor=Lasso(alpha=1.0, copy_X=True,
                                                fit_intercept=True,
                                                max_iter=1000, normalize=False,
                                                positive=False,
                                                precompute=False,
                                                random_state=4762,
                                                selection='cyclic', tol=0.0001,
                                                warm_start=False),
                                selection='cyclic', tol=0.0001,
                                warm_start=False)
2021-10-12 20:55:01,844:INFO:create_model() succesfully completed......................................
2021-10-12 20:55:01,921:INFO:SubProcess create_model() end ==================================
2021-10-12 20:55:01,921:INFO:Creating metrics dataframe
2021-10-12 20:55:01,938:INFO:Initializing Ridge Regression
2021-10-12 20:55:01,938:INFO:Total runtime is 0.1696253180503845 minutes
2021-10-12 20:55:01,945:INFO:SubProcess create_model() called ==================================
2021-10-12 20:55:01,945:INFO:Initializing create_model()
2021-10-12 20:55:01,946:INFO:create_model(estimator=ridge, fold=TimeSeriesSplit(max_train_size=None, n_splits=3), round=4, cross_validation=True, predict=True, fit_kwargs={}, groups=None, refit=False, verbose=False, system=False, metrics=None, add_to_model_list=True, display=<pycaret.internal.Display.Display object at 0x000001B96390EF48>, kwargs={})
2021-10-12 20:55:01,946:INFO:Checking exceptions
2021-10-12 20:55:01,946:INFO:Importing libraries
2021-10-12 20:55:01,946:INFO:Copying training dataset
2021-10-12 20:55:01,946:INFO:Defining folds
2021-10-12 20:55:01,946:INFO:Declaring metric variables
2021-10-12 20:55:01,953:INFO:Importing untrained model
2021-10-12 20:55:01,959:INFO:Ridge Regression Imported succesfully
2021-10-12 20:55:01,975:INFO:Starting cross validation
2021-10-12 20:55:01,976:INFO:Cross validating with TimeSeriesSplit(max_train_size=None, n_splits=3), n_jobs=-1
2021-10-12 20:55:04,106:INFO:Calculating mean and std
2021-10-12 20:55:04,106:INFO:Creating metrics dataframe
2021-10-12 20:55:04,110:INFO:Uploading results into container
2021-10-12 20:55:04,110:INFO:Uploading model into container now
2021-10-12 20:55:04,110:INFO:create_model_container: 3
2021-10-12 20:55:04,110:INFO:master_model_container: 3
2021-10-12 20:55:04,110:INFO:display_container: 2
2021-10-12 20:55:04,111:INFO:PowerTransformedTargetRegressor(alpha=1.0, copy_X=True, fit_intercept=True,
                                max_iter=None, normalize=False,
                                power_transformer_method='box-cox',
                                power_transformer_standardize=True,
                                random_state=4762,
                                regressor=Ridge(alpha=1.0, copy_X=True,
                                                fit_intercept=True,
                                                max_iter=None, normalize=False,
                                                random_state=4762,
                                                solver='auto', tol=0.001),
                                solver='auto', tol=0.001)
2021-10-12 20:55:04,111:INFO:create_model() succesfully completed......................................
2021-10-12 20:55:04,187:INFO:SubProcess create_model() end ==================================
2021-10-12 20:55:04,188:INFO:Creating metrics dataframe
2021-10-12 20:55:04,205:INFO:Initializing Elastic Net
2021-10-12 20:55:04,206:INFO:Total runtime is 0.20741238991419472 minutes
2021-10-12 20:55:04,212:INFO:SubProcess create_model() called ==================================
2021-10-12 20:55:04,213:INFO:Initializing create_model()
2021-10-12 20:55:04,213:INFO:create_model(estimator=en, fold=TimeSeriesSplit(max_train_size=None, n_splits=3), round=4, cross_validation=True, predict=True, fit_kwargs={}, groups=None, refit=False, verbose=False, system=False, metrics=None, add_to_model_list=True, display=<pycaret.internal.Display.Display object at 0x000001B96390EF48>, kwargs={})
2021-10-12 20:55:04,213:INFO:Checking exceptions
2021-10-12 20:55:04,213:INFO:Importing libraries
2021-10-12 20:55:04,213:INFO:Copying training dataset
2021-10-12 20:55:04,214:INFO:Defining folds
2021-10-12 20:55:04,214:INFO:Declaring metric variables
2021-10-12 20:55:04,221:INFO:Importing untrained model
2021-10-12 20:55:04,227:INFO:Elastic Net Imported succesfully
2021-10-12 20:55:04,240:INFO:Starting cross validation
2021-10-12 20:55:04,241:INFO:Cross validating with TimeSeriesSplit(max_train_size=None, n_splits=3), n_jobs=-1
2021-10-12 20:55:06,384:INFO:Calculating mean and std
2021-10-12 20:55:06,385:INFO:Creating metrics dataframe
2021-10-12 20:55:06,388:INFO:Uploading results into container
2021-10-12 20:55:06,388:INFO:Uploading model into container now
2021-10-12 20:55:06,388:INFO:create_model_container: 4
2021-10-12 20:55:06,388:INFO:master_model_container: 4
2021-10-12 20:55:06,389:INFO:display_container: 2
2021-10-12 20:55:06,390:INFO:PowerTransformedTargetRegressor(alpha=1.0, copy_X=True, fit_intercept=True,
                                l1_ratio=0.5, max_iter=1000, normalize=False,
                                positive=False,
                                power_transformer_method='box-cox',
                                power_transformer_standardize=True,
                                precompute=False, random_state=4762,
                                regressor=ElasticNet(alpha=1.0, copy_X=True,
                                                     fit_intercept=True,
                                                     l1_ratio=0.5,
                                                     max_iter=1000,
                                                     normalize=False,
                                                     positive=False,
                                                     precompute=False,
                                                     random_state=4762,
                                                     selection='cyclic',
                                                     tol=0.0001,
                                                     warm_start=False),
                                selection='cyclic', tol=0.0001,
                                warm_start=False)
2021-10-12 20:55:06,390:INFO:create_model() succesfully completed......................................
2021-10-12 20:55:06,477:INFO:SubProcess create_model() end ==================================
2021-10-12 20:55:06,477:INFO:Creating metrics dataframe
2021-10-12 20:55:06,494:INFO:Initializing Least Angle Regression
2021-10-12 20:55:06,494:INFO:Total runtime is 0.24555501143137612 minutes
2021-10-12 20:55:06,501:INFO:SubProcess create_model() called ==================================
2021-10-12 20:55:06,501:INFO:Initializing create_model()
2021-10-12 20:55:06,501:INFO:create_model(estimator=lar, fold=TimeSeriesSplit(max_train_size=None, n_splits=3), round=4, cross_validation=True, predict=True, fit_kwargs={}, groups=None, refit=False, verbose=False, system=False, metrics=None, add_to_model_list=True, display=<pycaret.internal.Display.Display object at 0x000001B96390EF48>, kwargs={})
2021-10-12 20:55:06,501:INFO:Checking exceptions
2021-10-12 20:55:06,502:INFO:Importing libraries
2021-10-12 20:55:06,502:INFO:Copying training dataset
2021-10-12 20:55:06,502:INFO:Defining folds
2021-10-12 20:55:06,503:INFO:Declaring metric variables
2021-10-12 20:55:06,510:INFO:Importing untrained model
2021-10-12 20:55:06,516:INFO:Least Angle Regression Imported succesfully
2021-10-12 20:55:06,530:INFO:Starting cross validation
2021-10-12 20:55:06,530:INFO:Cross validating with TimeSeriesSplit(max_train_size=None, n_splits=3), n_jobs=-1
2021-10-12 20:55:08,691:INFO:Calculating mean and std
2021-10-12 20:55:08,692:INFO:Creating metrics dataframe
2021-10-12 20:55:08,696:INFO:Uploading results into container
2021-10-12 20:55:08,696:INFO:Uploading model into container now
2021-10-12 20:55:08,697:INFO:create_model_container: 5
2021-10-12 20:55:08,697:INFO:master_model_container: 5
2021-10-12 20:55:08,697:INFO:display_container: 2
2021-10-12 20:55:08,698:INFO:PowerTransformedTargetRegressor(copy_X=True, eps=2.220446049250313e-16,
                                fit_intercept=True, fit_path=True, jitter=None,
                                n_nonzero_coefs=500, normalize=True,
                                power_transformer_method='box-cox',
                                power_transformer_standardize=True,
                                precompute='auto', random_state=4762,
                                regressor=Lars(copy_X=True,
                                               eps=2.220446049250313e-16,
                                               fit_intercept=True,
                                               fit_path=True, jitter=None,
                                               n_nonzero_coefs=500,
                                               normalize=True,
                                               precompute='auto',
                                               random_state=4762,
                                               verbose=False),
                                verbose=False)
2021-10-12 20:55:08,698:INFO:create_model() succesfully completed......................................
2021-10-12 20:55:08,772:INFO:SubProcess create_model() end ==================================
2021-10-12 20:55:08,772:INFO:Creating metrics dataframe
2021-10-12 20:55:08,791:INFO:Initializing Lasso Least Angle Regression
2021-10-12 20:55:08,791:INFO:Total runtime is 0.28383935689926143 minutes
2021-10-12 20:55:08,798:INFO:SubProcess create_model() called ==================================
2021-10-12 20:55:08,798:INFO:Initializing create_model()
2021-10-12 20:55:08,799:INFO:create_model(estimator=llar, fold=TimeSeriesSplit(max_train_size=None, n_splits=3), round=4, cross_validation=True, predict=True, fit_kwargs={}, groups=None, refit=False, verbose=False, system=False, metrics=None, add_to_model_list=True, display=<pycaret.internal.Display.Display object at 0x000001B96390EF48>, kwargs={})
2021-10-12 20:55:08,799:INFO:Checking exceptions
2021-10-12 20:55:08,799:INFO:Importing libraries
2021-10-12 20:55:08,799:INFO:Copying training dataset
2021-10-12 20:55:08,799:INFO:Defining folds
2021-10-12 20:55:08,799:INFO:Declaring metric variables
2021-10-12 20:55:08,806:INFO:Importing untrained model
2021-10-12 20:55:08,812:INFO:Lasso Least Angle Regression Imported succesfully
2021-10-12 20:55:08,831:INFO:Starting cross validation
2021-10-12 20:55:08,831:INFO:Cross validating with TimeSeriesSplit(max_train_size=None, n_splits=3), n_jobs=-1
2021-10-12 20:55:10,756:INFO:Calculating mean and std
2021-10-12 20:55:10,757:INFO:Creating metrics dataframe
2021-10-12 20:55:10,761:INFO:Uploading results into container
2021-10-12 20:55:10,761:INFO:Uploading model into container now
2021-10-12 20:55:10,761:INFO:create_model_container: 6
2021-10-12 20:55:10,761:INFO:master_model_container: 6
2021-10-12 20:55:10,761:INFO:display_container: 2
2021-10-12 20:55:10,762:INFO:PowerTransformedTargetRegressor(alpha=1.0, copy_X=True,
                                eps=2.220446049250313e-16, fit_intercept=True,
                                fit_path=True, jitter=None, max_iter=500,
                                normalize=True, positive=False,
                                power_transformer_method='box-cox',
                                power_transformer_standardize=True,
                                precompute='auto', random_state=4762,
                                regressor=LassoLars(alpha=1.0, copy_X=True,
                                                    eps=2.220446049250313e-16,
                                                    fit_intercept=True,
                                                    fit_path=True, jitter=None,
                                                    max_iter=500,
                                                    normalize=True,
                                                    positive=False,
                                                    precompute='auto',
                                                    random_state=4762,
                                                    verbose=False),
                                verbose=False)
2021-10-12 20:55:10,762:INFO:create_model() succesfully completed......................................
2021-10-12 20:55:10,831:INFO:SubProcess create_model() end ==================================
2021-10-12 20:55:10,831:INFO:Creating metrics dataframe
2021-10-12 20:55:10,848:INFO:Initializing Orthogonal Matching Pursuit
2021-10-12 20:55:10,848:INFO:Total runtime is 0.3181239604949951 minutes
2021-10-12 20:55:10,855:INFO:SubProcess create_model() called ==================================
2021-10-12 20:55:10,855:INFO:Initializing create_model()
2021-10-12 20:55:10,855:INFO:create_model(estimator=omp, fold=TimeSeriesSplit(max_train_size=None, n_splits=3), round=4, cross_validation=True, predict=True, fit_kwargs={}, groups=None, refit=False, verbose=False, system=False, metrics=None, add_to_model_list=True, display=<pycaret.internal.Display.Display object at 0x000001B96390EF48>, kwargs={})
2021-10-12 20:55:10,855:INFO:Checking exceptions
2021-10-12 20:55:10,855:INFO:Importing libraries
2021-10-12 20:55:10,855:INFO:Copying training dataset
2021-10-12 20:55:10,856:INFO:Defining folds
2021-10-12 20:55:10,856:INFO:Declaring metric variables
2021-10-12 20:55:10,862:INFO:Importing untrained model
2021-10-12 20:55:10,867:INFO:Orthogonal Matching Pursuit Imported succesfully
2021-10-12 20:55:10,883:INFO:Starting cross validation
2021-10-12 20:55:10,884:INFO:Cross validating with TimeSeriesSplit(max_train_size=None, n_splits=3), n_jobs=-1
2021-10-12 20:55:10,910:INFO:Calculating mean and std
2021-10-12 20:55:10,910:INFO:Creating metrics dataframe
2021-10-12 20:55:10,914:INFO:Uploading results into container
2021-10-12 20:55:10,914:INFO:Uploading model into container now
2021-10-12 20:55:10,914:INFO:create_model_container: 7
2021-10-12 20:55:10,914:INFO:master_model_container: 7
2021-10-12 20:55:10,914:INFO:display_container: 2
2021-10-12 20:55:10,915:INFO:PowerTransformedTargetRegressor(fit_intercept=True, n_nonzero_coefs=None,
                                normalize=True,
                                power_transformer_method='box-cox',
                                power_transformer_standardize=True,
                                precompute='auto',
                                regressor=OrthogonalMatchingPursuit(fit_intercept=True,
                                                                    n_nonzero_coefs=None,
                                                                    normalize=True,
                                                                    precompute='auto',
                                                                    tol=None),
                                tol=None)
2021-10-12 20:55:10,915:INFO:create_model() succesfully completed......................................
2021-10-12 20:55:10,976:INFO:SubProcess create_model() end ==================================
2021-10-12 20:55:10,976:INFO:Creating metrics dataframe
2021-10-12 20:55:10,993:INFO:Initializing Bayesian Ridge
2021-10-12 20:55:10,993:INFO:Total runtime is 0.3205336451530456 minutes
2021-10-12 20:55:11,000:INFO:SubProcess create_model() called ==================================
2021-10-12 20:55:11,000:INFO:Initializing create_model()
2021-10-12 20:55:11,000:INFO:create_model(estimator=br, fold=TimeSeriesSplit(max_train_size=None, n_splits=3), round=4, cross_validation=True, predict=True, fit_kwargs={}, groups=None, refit=False, verbose=False, system=False, metrics=None, add_to_model_list=True, display=<pycaret.internal.Display.Display object at 0x000001B96390EF48>, kwargs={})
2021-10-12 20:55:11,000:INFO:Checking exceptions
2021-10-12 20:55:11,001:INFO:Importing libraries
2021-10-12 20:55:11,001:INFO:Copying training dataset
2021-10-12 20:55:11,001:INFO:Defining folds
2021-10-12 20:55:11,002:INFO:Declaring metric variables
2021-10-12 20:55:11,008:INFO:Importing untrained model
2021-10-12 20:55:11,015:INFO:Bayesian Ridge Imported succesfully
2021-10-12 20:55:11,028:INFO:Starting cross validation
2021-10-12 20:55:11,028:INFO:Cross validating with TimeSeriesSplit(max_train_size=None, n_splits=3), n_jobs=-1
2021-10-12 20:55:11,054:INFO:Calculating mean and std
2021-10-12 20:55:11,055:INFO:Creating metrics dataframe
2021-10-12 20:55:11,058:INFO:Uploading results into container
2021-10-12 20:55:11,058:INFO:Uploading model into container now
2021-10-12 20:55:11,058:INFO:create_model_container: 8
2021-10-12 20:55:11,058:INFO:master_model_container: 8
2021-10-12 20:55:11,058:INFO:display_container: 2
2021-10-12 20:55:11,059:INFO:PowerTransformedTargetRegressor(alpha_1=1e-06, alpha_2=1e-06, alpha_init=None,
                                compute_score=False, copy_X=True,
                                fit_intercept=True, lambda_1=1e-06,
                                lambda_2=1e-06, lambda_init=None, n_iter=300,
                                normalize=False,
                                power_transformer_method='box-cox',
                                power_transformer_standardize=True,
                                regressor=BayesianRidge(alpha_1=1e-06,
                                                        alpha_2=1e-06,
                                                        alpha_init=None,
                                                        compute_score=False,
                                                        copy_X=True,
                                                        fit_intercept=True,
                                                        lambda_1=1e-06,
                                                        lambda_2=1e-06,
                                                        lambda_init=None,
                                                        n_iter=300,
                                                        normalize=False,
                                                        tol=0.001,
                                                        verbose=False),
                                tol=0.001, verbose=False)
2021-10-12 20:55:11,059:INFO:create_model() succesfully completed......................................
2021-10-12 20:55:11,119:INFO:SubProcess create_model() end ==================================
2021-10-12 20:55:11,120:INFO:Creating metrics dataframe
2021-10-12 20:55:11,135:INFO:Initializing Passive Aggressive Regressor
2021-10-12 20:55:11,135:INFO:Total runtime is 0.3229106187820434 minutes
2021-10-12 20:55:11,141:INFO:SubProcess create_model() called ==================================
2021-10-12 20:55:11,141:INFO:Initializing create_model()
2021-10-12 20:55:11,141:INFO:create_model(estimator=par, fold=TimeSeriesSplit(max_train_size=None, n_splits=3), round=4, cross_validation=True, predict=True, fit_kwargs={}, groups=None, refit=False, verbose=False, system=False, metrics=None, add_to_model_list=True, display=<pycaret.internal.Display.Display object at 0x000001B96390EF48>, kwargs={})
2021-10-12 20:55:11,141:INFO:Checking exceptions
2021-10-12 20:55:11,141:INFO:Importing libraries
2021-10-12 20:55:11,141:INFO:Copying training dataset
2021-10-12 20:55:11,142:INFO:Defining folds
2021-10-12 20:55:11,142:INFO:Declaring metric variables
2021-10-12 20:55:11,147:INFO:Importing untrained model
2021-10-12 20:55:11,155:INFO:Passive Aggressive Regressor Imported succesfully
2021-10-12 20:55:11,168:INFO:Starting cross validation
2021-10-12 20:55:11,168:INFO:Cross validating with TimeSeriesSplit(max_train_size=None, n_splits=3), n_jobs=-1
2021-10-12 20:55:11,198:INFO:Calculating mean and std
2021-10-12 20:55:11,199:INFO:Creating metrics dataframe
2021-10-12 20:55:11,202:INFO:Uploading results into container
2021-10-12 20:55:11,202:INFO:Uploading model into container now
2021-10-12 20:55:11,202:INFO:create_model_container: 9
2021-10-12 20:55:11,202:INFO:master_model_container: 9
2021-10-12 20:55:11,203:INFO:display_container: 2
2021-10-12 20:55:11,204:INFO:PowerTransformedTargetRegressor(C=1.0, average=False, early_stopping=False,
                                epsilon=0.1, fit_intercept=True,
                                loss='epsilon_insensitive', max_iter=1000,
                                n_iter_no_change=5,
                                power_transformer_method='box-cox',
                                power_transformer_standardize=True,
                                random_state=4762,
                                regressor=PassiveAggressiveRegressor(C=1.0,
                                                                     average=False,
                                                                     early_stopping=False,
                                                                     epsilon=0.1,
                                                                     fit_intercept=True,
                                                                     loss='epsilon_insensitive',
                                                                     max_iter=1000,
                                                                     n_iter_no_change=5,
                                                                     random_state=4762,
                                                                     shuffle=True,
                                                                     tol=0.001,
                                                                     validation_fraction=0.1,
                                                                     verbose=0,
                                                                     warm_start=False),
                                shuffle=True, tol=0.001,
                                validation_fraction=0.1, verbose=0,
                                warm_start=False)
2021-10-12 20:55:11,204:INFO:create_model() succesfully completed......................................
2021-10-12 20:55:11,267:INFO:SubProcess create_model() end ==================================
2021-10-12 20:55:11,267:INFO:Creating metrics dataframe
2021-10-12 20:55:11,285:INFO:Initializing Huber Regressor
2021-10-12 20:55:11,285:INFO:Total runtime is 0.32540330489476516 minutes
2021-10-12 20:55:11,291:INFO:SubProcess create_model() called ==================================
2021-10-12 20:55:11,291:INFO:Initializing create_model()
2021-10-12 20:55:11,291:INFO:create_model(estimator=huber, fold=TimeSeriesSplit(max_train_size=None, n_splits=3), round=4, cross_validation=True, predict=True, fit_kwargs={}, groups=None, refit=False, verbose=False, system=False, metrics=None, add_to_model_list=True, display=<pycaret.internal.Display.Display object at 0x000001B96390EF48>, kwargs={})
2021-10-12 20:55:11,291:INFO:Checking exceptions
2021-10-12 20:55:11,291:INFO:Importing libraries
2021-10-12 20:55:11,291:INFO:Copying training dataset
2021-10-12 20:55:11,292:INFO:Defining folds
2021-10-12 20:55:11,292:INFO:Declaring metric variables
2021-10-12 20:55:11,297:INFO:Importing untrained model
2021-10-12 20:55:11,303:INFO:Huber Regressor Imported succesfully
2021-10-12 20:55:11,316:INFO:Starting cross validation
2021-10-12 20:55:11,317:INFO:Cross validating with TimeSeriesSplit(max_train_size=None, n_splits=3), n_jobs=-1
2021-10-12 20:55:11,346:INFO:Calculating mean and std
2021-10-12 20:55:11,346:INFO:Creating metrics dataframe
2021-10-12 20:55:11,350:INFO:Uploading results into container
2021-10-12 20:55:11,350:INFO:Uploading model into container now
2021-10-12 20:55:11,350:INFO:create_model_container: 10
2021-10-12 20:55:11,350:INFO:master_model_container: 10
2021-10-12 20:55:11,350:INFO:display_container: 2
2021-10-12 20:55:11,351:INFO:PowerTransformedTargetRegressor(alpha=0.0001, epsilon=1.35, fit_intercept=True,
                                max_iter=100,
                                power_transformer_method='box-cox',
                                power_transformer_standardize=True,
                                regressor=HuberRegressor(alpha=0.0001,
                                                         epsilon=1.35,
                                                         fit_intercept=True,
                                                         max_iter=100,
                                                         tol=1e-05,
                                                         warm_start=False),
                                tol=1e-05, warm_start=False)
2021-10-12 20:55:11,351:INFO:create_model() succesfully completed......................................
2021-10-12 20:55:11,411:INFO:SubProcess create_model() end ==================================
2021-10-12 20:55:11,411:INFO:Creating metrics dataframe
2021-10-12 20:55:11,431:INFO:Initializing K Neighbors Regressor
2021-10-12 20:55:11,431:INFO:Total runtime is 0.32783018747965487 minutes
2021-10-12 20:55:11,438:INFO:SubProcess create_model() called ==================================
2021-10-12 20:55:11,438:INFO:Initializing create_model()
2021-10-12 20:55:11,438:INFO:create_model(estimator=knn, fold=TimeSeriesSplit(max_train_size=None, n_splits=3), round=4, cross_validation=True, predict=True, fit_kwargs={}, groups=None, refit=False, verbose=False, system=False, metrics=None, add_to_model_list=True, display=<pycaret.internal.Display.Display object at 0x000001B96390EF48>, kwargs={})
2021-10-12 20:55:11,438:INFO:Checking exceptions
2021-10-12 20:55:11,438:INFO:Importing libraries
2021-10-12 20:55:11,438:INFO:Copying training dataset
2021-10-12 20:55:11,439:INFO:Defining folds
2021-10-12 20:55:11,439:INFO:Declaring metric variables
2021-10-12 20:55:11,445:INFO:Importing untrained model
2021-10-12 20:55:11,451:INFO:K Neighbors Regressor Imported succesfully
2021-10-12 20:55:11,463:INFO:Starting cross validation
2021-10-12 20:55:11,463:INFO:Cross validating with TimeSeriesSplit(max_train_size=None, n_splits=3), n_jobs=-1
2021-10-12 20:55:11,608:INFO:Calculating mean and std
2021-10-12 20:55:11,610:INFO:Creating metrics dataframe
2021-10-12 20:55:11,622:INFO:Uploading results into container
2021-10-12 20:55:11,622:INFO:Uploading model into container now
2021-10-12 20:55:11,622:INFO:create_model_container: 11
2021-10-12 20:55:11,622:INFO:master_model_container: 11
2021-10-12 20:55:11,622:INFO:display_container: 2
2021-10-12 20:55:11,624:INFO:PowerTransformedTargetRegressor(algorithm='auto', leaf_size=30,
                                metric='minkowski', metric_params=None,
                                n_jobs=-1, n_neighbors=5, p=2,
                                power_transformer_method='box-cox',
                                power_transformer_standardize=True,
                                regressor=KNeighborsRegressor(algorithm='auto',
                                                              leaf_size=30,
                                                              metric='minkowski',
                                                              metric_params=None,
                                                              n_jobs=-1,
                                                              n_neighbors=5,
                                                              p=2,
                                                              weights='uniform'),
                                weights='uniform')
2021-10-12 20:55:11,624:INFO:create_model() succesfully completed......................................
2021-10-12 20:55:11,700:INFO:SubProcess create_model() end ==================================
2021-10-12 20:55:11,700:INFO:Creating metrics dataframe
2021-10-12 20:55:11,720:INFO:Initializing Decision Tree Regressor
2021-10-12 20:55:11,721:INFO:Total runtime is 0.33266971508661897 minutes
2021-10-12 20:55:11,728:INFO:SubProcess create_model() called ==================================
2021-10-12 20:55:11,728:INFO:Initializing create_model()
2021-10-12 20:55:11,728:INFO:create_model(estimator=dt, fold=TimeSeriesSplit(max_train_size=None, n_splits=3), round=4, cross_validation=True, predict=True, fit_kwargs={}, groups=None, refit=False, verbose=False, system=False, metrics=None, add_to_model_list=True, display=<pycaret.internal.Display.Display object at 0x000001B96390EF48>, kwargs={})
2021-10-12 20:55:11,728:INFO:Checking exceptions
2021-10-12 20:55:11,728:INFO:Importing libraries
2021-10-12 20:55:11,728:INFO:Copying training dataset
2021-10-12 20:55:11,729:INFO:Defining folds
2021-10-12 20:55:11,729:INFO:Declaring metric variables
2021-10-12 20:55:11,736:INFO:Importing untrained model
2021-10-12 20:55:11,742:INFO:Decision Tree Regressor Imported succesfully
2021-10-12 20:55:11,755:INFO:Starting cross validation
2021-10-12 20:55:11,756:INFO:Cross validating with TimeSeriesSplit(max_train_size=None, n_splits=3), n_jobs=-1
2021-10-12 20:55:11,785:INFO:Calculating mean and std
2021-10-12 20:55:11,786:INFO:Creating metrics dataframe
2021-10-12 20:55:11,790:INFO:Uploading results into container
2021-10-12 20:55:11,790:INFO:Uploading model into container now
2021-10-12 20:55:11,790:INFO:create_model_container: 12
2021-10-12 20:55:11,790:INFO:master_model_container: 12
2021-10-12 20:55:11,790:INFO:display_container: 2
2021-10-12 20:55:11,791:INFO:PowerTransformedTargetRegressor(ccp_alpha=0.0, criterion='mse', max_depth=None,
                                max_features=None, max_leaf_nodes=None,
                                min_impurity_decrease=0.0,
                                min_impurity_split=None, min_samples_leaf=1,
                                min_samples_split=2,
                                min_weight_fraction_leaf=0.0,
                                power_transformer_method='box-cox',
                                power_transformer_standardize=True,
                                presort='deprecated', random_state=4762,
                                regressor=DecisionTreeRegressor(ccp_alpha=0.0,
                                                                criterion='mse',
                                                                max_depth=None,
                                                                max_features=None,
                                                                max_leaf_nodes=None,
                                                                min_impurity_decrease=0.0,
                                                                min_impurity_split=None,
                                                                min_samples_leaf=1,
                                                                min_samples_split=2,
                                                                min_weight_fraction_leaf=0.0,
                                                                presort='deprecated',
                                                                random_state=4762,
                                                                splitter='best'),
                                splitter='best')
2021-10-12 20:55:11,791:INFO:create_model() succesfully completed......................................
2021-10-12 20:55:11,857:INFO:SubProcess create_model() end ==================================
2021-10-12 20:55:11,857:INFO:Creating metrics dataframe
2021-10-12 20:55:11,878:INFO:Initializing Random Forest Regressor
2021-10-12 20:55:11,878:INFO:Total runtime is 0.3352792302767435 minutes
2021-10-12 20:55:11,884:INFO:SubProcess create_model() called ==================================
2021-10-12 20:55:11,885:INFO:Initializing create_model()
2021-10-12 20:55:11,885:INFO:create_model(estimator=rf, fold=TimeSeriesSplit(max_train_size=None, n_splits=3), round=4, cross_validation=True, predict=True, fit_kwargs={}, groups=None, refit=False, verbose=False, system=False, metrics=None, add_to_model_list=True, display=<pycaret.internal.Display.Display object at 0x000001B96390EF48>, kwargs={})
2021-10-12 20:55:11,885:INFO:Checking exceptions
2021-10-12 20:55:11,885:INFO:Importing libraries
2021-10-12 20:55:11,885:INFO:Copying training dataset
2021-10-12 20:55:11,885:INFO:Defining folds
2021-10-12 20:55:11,885:INFO:Declaring metric variables
2021-10-12 20:55:11,891:INFO:Importing untrained model
2021-10-12 20:55:11,899:INFO:Random Forest Regressor Imported succesfully
2021-10-12 20:55:11,915:INFO:Starting cross validation
2021-10-12 20:55:11,915:INFO:Cross validating with TimeSeriesSplit(max_train_size=None, n_splits=3), n_jobs=-1
2021-10-12 20:55:12,443:INFO:Calculating mean and std
2021-10-12 20:55:12,444:INFO:Creating metrics dataframe
2021-10-12 20:55:12,447:INFO:Uploading results into container
2021-10-12 20:55:12,447:INFO:Uploading model into container now
2021-10-12 20:55:12,448:INFO:create_model_container: 13
2021-10-12 20:55:12,448:INFO:master_model_container: 13
2021-10-12 20:55:12,448:INFO:display_container: 2
2021-10-12 20:55:12,450:INFO:PowerTransformedTargetRegressor(bootstrap=True, ccp_alpha=0.0, criterion='mse',
                                max_depth=None, max_features='auto',
                                max_leaf_nodes=None, max_samples=None,
                                min_impurity_decrease=0.0,
                                min_impurity_split=None, min_samples_leaf=1,
                                min_samples_split=2,
                                min_weight_fraction_leaf=0.0, n_estimators=100,
                                n_jobs=-1, oob_score=False,
                                power_transformer_method='box-cox',
                                power...
                                regressor=RandomForestRegressor(bootstrap=True,
                                                                ccp_alpha=0.0,
                                                                criterion='mse',
                                                                max_depth=None,
                                                                max_features='auto',
                                                                max_leaf_nodes=None,
                                                                max_samples=None,
                                                                min_impurity_decrease=0.0,
                                                                min_impurity_split=None,
                                                                min_samples_leaf=1,
                                                                min_samples_split=2,
                                                                min_weight_fraction_leaf=0.0,
                                                                n_estimators=100,
                                                                n_jobs=-1,
                                                                oob_score=False,
                                                                random_state=4762,
                                                                verbose=0,
                                                                warm_start=False),
                                verbose=0, warm_start=False)
2021-10-12 20:55:12,450:INFO:create_model() succesfully completed......................................
2021-10-12 20:55:12,520:INFO:SubProcess create_model() end ==================================
2021-10-12 20:55:12,520:INFO:Creating metrics dataframe
2021-10-12 20:55:12,541:INFO:Initializing Extra Trees Regressor
2021-10-12 20:55:12,541:INFO:Total runtime is 0.3463369647661844 minutes
2021-10-12 20:55:12,548:INFO:SubProcess create_model() called ==================================
2021-10-12 20:55:12,549:INFO:Initializing create_model()
2021-10-12 20:55:12,549:INFO:create_model(estimator=et, fold=TimeSeriesSplit(max_train_size=None, n_splits=3), round=4, cross_validation=True, predict=True, fit_kwargs={}, groups=None, refit=False, verbose=False, system=False, metrics=None, add_to_model_list=True, display=<pycaret.internal.Display.Display object at 0x000001B96390EF48>, kwargs={})
2021-10-12 20:55:12,549:INFO:Checking exceptions
2021-10-12 20:55:12,549:INFO:Importing libraries
2021-10-12 20:55:12,549:INFO:Copying training dataset
2021-10-12 20:55:12,550:INFO:Defining folds
2021-10-12 20:55:12,550:INFO:Declaring metric variables
2021-10-12 20:55:12,556:INFO:Importing untrained model
2021-10-12 20:55:12,563:INFO:Extra Trees Regressor Imported succesfully
2021-10-12 20:55:12,577:INFO:Starting cross validation
2021-10-12 20:55:12,577:INFO:Cross validating with TimeSeriesSplit(max_train_size=None, n_splits=3), n_jobs=-1
2021-10-12 20:55:13,101:INFO:Calculating mean and std
2021-10-12 20:55:13,102:INFO:Creating metrics dataframe
2021-10-12 20:55:13,105:INFO:Uploading results into container
2021-10-12 20:55:13,105:INFO:Uploading model into container now
2021-10-12 20:55:13,105:INFO:create_model_container: 14
2021-10-12 20:55:13,105:INFO:master_model_container: 14
2021-10-12 20:55:13,105:INFO:display_container: 2
2021-10-12 20:55:13,107:INFO:PowerTransformedTargetRegressor(bootstrap=False, ccp_alpha=0.0, criterion='mse',
                                max_depth=None, max_features='auto',
                                max_leaf_nodes=None, max_samples=None,
                                min_impurity_decrease=0.0,
                                min_impurity_split=None, min_samples_leaf=1,
                                min_samples_split=2,
                                min_weight_fraction_leaf=0.0, n_estimators=100,
                                n_jobs=-1, oob_score=False,
                                power_transformer_method='box-cox',
                                powe...
                                regressor=ExtraTreesRegressor(bootstrap=False,
                                                              ccp_alpha=0.0,
                                                              criterion='mse',
                                                              max_depth=None,
                                                              max_features='auto',
                                                              max_leaf_nodes=None,
                                                              max_samples=None,
                                                              min_impurity_decrease=0.0,
                                                              min_impurity_split=None,
                                                              min_samples_leaf=1,
                                                              min_samples_split=2,
                                                              min_weight_fraction_leaf=0.0,
                                                              n_estimators=100,
                                                              n_jobs=-1,
                                                              oob_score=False,
                                                              random_state=4762,
                                                              verbose=0,
                                                              warm_start=False),
                                verbose=0, warm_start=False)
2021-10-12 20:55:13,107:INFO:create_model() succesfully completed......................................
2021-10-12 20:55:13,175:INFO:SubProcess create_model() end ==================================
2021-10-12 20:55:13,176:INFO:Creating metrics dataframe
2021-10-12 20:55:13,199:INFO:Initializing AdaBoost Regressor
2021-10-12 20:55:13,199:INFO:Total runtime is 0.35730773607889804 minutes
2021-10-12 20:55:13,206:INFO:SubProcess create_model() called ==================================
2021-10-12 20:55:13,206:INFO:Initializing create_model()
2021-10-12 20:55:13,206:INFO:create_model(estimator=ada, fold=TimeSeriesSplit(max_train_size=None, n_splits=3), round=4, cross_validation=True, predict=True, fit_kwargs={}, groups=None, refit=False, verbose=False, system=False, metrics=None, add_to_model_list=True, display=<pycaret.internal.Display.Display object at 0x000001B96390EF48>, kwargs={})
2021-10-12 20:55:13,206:INFO:Checking exceptions
2021-10-12 20:55:13,206:INFO:Importing libraries
2021-10-12 20:55:13,206:INFO:Copying training dataset
2021-10-12 20:55:13,207:INFO:Defining folds
2021-10-12 20:55:13,207:INFO:Declaring metric variables
2021-10-12 20:55:13,214:INFO:Importing untrained model
2021-10-12 20:55:13,220:INFO:AdaBoost Regressor Imported succesfully
2021-10-12 20:55:13,233:INFO:Starting cross validation
2021-10-12 20:55:13,233:INFO:Cross validating with TimeSeriesSplit(max_train_size=None, n_splits=3), n_jobs=-1
2021-10-12 20:55:13,304:INFO:Calculating mean and std
2021-10-12 20:55:13,305:INFO:Creating metrics dataframe
2021-10-12 20:55:13,308:INFO:Uploading results into container
2021-10-12 20:55:13,308:INFO:Uploading model into container now
2021-10-12 20:55:13,308:INFO:create_model_container: 15
2021-10-12 20:55:13,308:INFO:master_model_container: 15
2021-10-12 20:55:13,308:INFO:display_container: 2
2021-10-12 20:55:13,309:INFO:PowerTransformedTargetRegressor(base_estimator=None, learning_rate=1.0,
                                loss='linear', n_estimators=50,
                                power_transformer_method='box-cox',
                                power_transformer_standardize=True,
                                random_state=4762,
                                regressor=AdaBoostRegressor(base_estimator=None,
                                                            learning_rate=1.0,
                                                            loss='linear',
                                                            n_estimators=50,
                                                            random_state=4762))
2021-10-12 20:55:13,309:INFO:create_model() succesfully completed......................................
2021-10-12 20:55:13,369:INFO:SubProcess create_model() end ==================================
2021-10-12 20:55:13,369:INFO:Creating metrics dataframe
2021-10-12 20:55:13,391:INFO:Initializing Gradient Boosting Regressor
2021-10-12 20:55:13,391:INFO:Total runtime is 0.3604991952578226 minutes
2021-10-12 20:55:13,397:INFO:SubProcess create_model() called ==================================
2021-10-12 20:55:13,397:INFO:Initializing create_model()
2021-10-12 20:55:13,397:INFO:create_model(estimator=gbr, fold=TimeSeriesSplit(max_train_size=None, n_splits=3), round=4, cross_validation=True, predict=True, fit_kwargs={}, groups=None, refit=False, verbose=False, system=False, metrics=None, add_to_model_list=True, display=<pycaret.internal.Display.Display object at 0x000001B96390EF48>, kwargs={})
2021-10-12 20:55:13,398:INFO:Checking exceptions
2021-10-12 20:55:13,398:INFO:Importing libraries
2021-10-12 20:55:13,398:INFO:Copying training dataset
2021-10-12 20:55:13,398:INFO:Defining folds
2021-10-12 20:55:13,398:INFO:Declaring metric variables
2021-10-12 20:55:13,404:INFO:Importing untrained model
2021-10-12 20:55:13,410:INFO:Gradient Boosting Regressor Imported succesfully
2021-10-12 20:55:13,422:INFO:Starting cross validation
2021-10-12 20:55:13,423:INFO:Cross validating with TimeSeriesSplit(max_train_size=None, n_splits=3), n_jobs=-1
2021-10-12 20:55:13,470:INFO:Calculating mean and std
2021-10-12 20:55:13,470:INFO:Creating metrics dataframe
2021-10-12 20:55:13,473:INFO:Uploading results into container
2021-10-12 20:55:13,473:INFO:Uploading model into container now
2021-10-12 20:55:13,473:INFO:create_model_container: 16
2021-10-12 20:55:13,473:INFO:master_model_container: 16
2021-10-12 20:55:13,473:INFO:display_container: 2
2021-10-12 20:55:13,475:INFO:PowerTransformedTargetRegressor(alpha=0.9, ccp_alpha=0.0,
                                criterion='friedman_mse', init=None,
                                learning_rate=0.1, loss='ls', max_depth=3,
                                max_features=None, max_leaf_nodes=None,
                                min_impurity_decrease=0.0,
                                min_impurity_split=None, min_samples_leaf=1,
                                min_samples_split=2,
                                min_weight_fraction_leaf=0.0, n_estimators=100,
                                n_iter_no_change=None,
                                power_transformer_method...
                                                                    max_leaf_nodes=None,
                                                                    min_impurity_decrease=0.0,
                                                                    min_impurity_split=None,
                                                                    min_samples_leaf=1,
                                                                    min_samples_split=2,
                                                                    min_weight_fraction_leaf=0.0,
                                                                    n_estimators=100,
                                                                    n_iter_no_change=None,
                                                                    presort='deprecated',
                                                                    random_state=4762,
                                                                    subsample=1.0,
                                                                    tol=0.0001,
                                                                    validation_fraction=0.1,
                                                                    verbose=0,
                                                                    warm_start=False),
                                subsample=1.0, tol=0.0001,
                                validation_fraction=0.1, verbose=0,
                                warm_start=False)
2021-10-12 20:55:13,475:INFO:create_model() succesfully completed......................................
2021-10-12 20:55:13,533:INFO:SubProcess create_model() end ==================================
2021-10-12 20:55:13,533:INFO:Creating metrics dataframe
2021-10-12 20:55:13,555:INFO:Initializing Extreme Gradient Boosting
2021-10-12 20:55:13,556:INFO:Total runtime is 0.3632590691248575 minutes
2021-10-12 20:55:13,562:INFO:SubProcess create_model() called ==================================
2021-10-12 20:55:13,562:INFO:Initializing create_model()
2021-10-12 20:55:13,562:INFO:create_model(estimator=xgboost, fold=TimeSeriesSplit(max_train_size=None, n_splits=3), round=4, cross_validation=True, predict=True, fit_kwargs={}, groups=None, refit=False, verbose=False, system=False, metrics=None, add_to_model_list=True, display=<pycaret.internal.Display.Display object at 0x000001B96390EF48>, kwargs={})
2021-10-12 20:55:13,562:INFO:Checking exceptions
2021-10-12 20:55:13,562:INFO:Importing libraries
2021-10-12 20:55:13,562:INFO:Copying training dataset
2021-10-12 20:55:13,563:INFO:Defining folds
2021-10-12 20:55:13,563:INFO:Declaring metric variables
2021-10-12 20:55:13,568:INFO:Importing untrained model
2021-10-12 20:55:13,575:INFO:Extreme Gradient Boosting Imported succesfully
2021-10-12 20:55:13,587:INFO:Starting cross validation
2021-10-12 20:55:13,588:INFO:Cross validating with TimeSeriesSplit(max_train_size=None, n_splits=3), n_jobs=-1
2021-10-12 20:55:15,318:INFO:Calculating mean and std
2021-10-12 20:55:15,319:INFO:Creating metrics dataframe
2021-10-12 20:55:15,324:INFO:Uploading results into container
2021-10-12 20:55:15,324:INFO:Uploading model into container now
2021-10-12 20:55:15,324:INFO:create_model_container: 17
2021-10-12 20:55:15,324:INFO:master_model_container: 17
2021-10-12 20:55:15,324:INFO:display_container: 2
2021-10-12 20:55:15,327:INFO:PowerTransformedTargetRegressor(base_score=None, booster='gbtree',
                                colsample_bylevel=None, colsample_bynode=None,
                                colsample_bytree=None, gamma=None, gpu_id=None,
                                importance_type='gain',
                                interaction_constraints=None,
                                learning_rate=None, max_delta_step=None,
                                max_depth=None, min_child_weight=None,
                                missing=nan, monotone_constraints=None,
                                n_estimators=100, n_jobs=-1,
                                nu...
                                                       missing=nan,
                                                       monotone_constraints=None,
                                                       n_estimators=100,
                                                       n_jobs=-1,
                                                       num_parallel_tree=None,
                                                       objective='reg:squarederror',
                                                       random_state=4762,
                                                       reg_alpha=None,
                                                       reg_lambda=None,
                                                       scale_pos_weight=None,
                                                       subsample=None,
                                                       tree_method='auto',
                                                       validate_parameters=None,
                                                       verbosity=0),
                                scale_pos_weight=None, subsample=None,
                                tree_method='auto', validate_parameters=None,
                                verbosity=0)
2021-10-12 20:55:15,327:INFO:create_model() succesfully completed......................................
2021-10-12 20:55:15,395:INFO:SubProcess create_model() end ==================================
2021-10-12 20:55:15,396:INFO:Creating metrics dataframe
2021-10-12 20:55:15,418:INFO:Initializing Light Gradient Boosting Machine
2021-10-12 20:55:15,418:INFO:Total runtime is 0.3942800045013427 minutes
2021-10-12 20:55:15,426:INFO:SubProcess create_model() called ==================================
2021-10-12 20:55:15,426:INFO:Initializing create_model()
2021-10-12 20:55:15,426:INFO:create_model(estimator=lightgbm, fold=TimeSeriesSplit(max_train_size=None, n_splits=3), round=4, cross_validation=True, predict=True, fit_kwargs={}, groups=None, refit=False, verbose=False, system=False, metrics=None, add_to_model_list=True, display=<pycaret.internal.Display.Display object at 0x000001B96390EF48>, kwargs={})
2021-10-12 20:55:15,426:INFO:Checking exceptions
2021-10-12 20:55:15,426:INFO:Importing libraries
2021-10-12 20:55:15,426:INFO:Copying training dataset
2021-10-12 20:55:15,427:INFO:Defining folds
2021-10-12 20:55:15,427:INFO:Declaring metric variables
2021-10-12 20:55:15,435:INFO:Importing untrained model
2021-10-12 20:55:15,442:INFO:Light Gradient Boosting Machine Imported succesfully
2021-10-12 20:55:15,458:INFO:Starting cross validation
2021-10-12 20:55:15,458:INFO:Cross validating with TimeSeriesSplit(max_train_size=None, n_splits=3), n_jobs=-1
2021-10-12 20:55:16,195:INFO:Calculating mean and std
2021-10-12 20:55:16,196:INFO:Creating metrics dataframe
2021-10-12 20:55:16,200:INFO:Uploading results into container
2021-10-12 20:55:16,200:INFO:Uploading model into container now
2021-10-12 20:55:16,200:INFO:create_model_container: 18
2021-10-12 20:55:16,200:INFO:master_model_container: 18
2021-10-12 20:55:16,200:INFO:display_container: 2
2021-10-12 20:55:16,202:INFO:PowerTransformedTargetRegressor(boosting_type='gbdt', class_weight=None,
                                colsample_bytree=1.0, importance_type='split',
                                learning_rate=0.1, max_depth=-1,
                                min_child_samples=20, min_child_weight=0.001,
                                min_split_gain=0.0, n_estimators=100, n_jobs=-1,
                                num_leaves=31, objective=None,
                                power_transformer_method='box-cox',
                                power_transformer_standardize=True,
                                random_state=4...
                                                        importance_type='split',
                                                        learning_rate=0.1,
                                                        max_depth=-1,
                                                        min_child_samples=20,
                                                        min_child_weight=0.001,
                                                        min_split_gain=0.0,
                                                        n_estimators=100,
                                                        n_jobs=-1,
                                                        num_leaves=31,
                                                        objective=None,
                                                        random_state=4762,
                                                        reg_alpha=0.0,
                                                        reg_lambda=0.0,
                                                        silent='warn',
                                                        subsample=1.0,
                                                        subsample_for_bin=200000,
                                                        subsample_freq=0),
                                silent='warn', subsample=1.0,
                                subsample_for_bin=200000, subsample_freq=0)
2021-10-12 20:55:16,202:INFO:create_model() succesfully completed......................................
2021-10-12 20:55:16,268:INFO:SubProcess create_model() end ==================================
2021-10-12 20:55:16,268:INFO:Creating metrics dataframe
2021-10-12 20:55:16,289:INFO:Initializing CatBoost Regressor
2021-10-12 20:55:16,289:INFO:Total runtime is 0.4088077942530313 minutes
2021-10-12 20:55:16,297:INFO:SubProcess create_model() called ==================================
2021-10-12 20:55:16,297:INFO:Initializing create_model()
2021-10-12 20:55:16,297:INFO:create_model(estimator=catboost, fold=TimeSeriesSplit(max_train_size=None, n_splits=3), round=4, cross_validation=True, predict=True, fit_kwargs={}, groups=None, refit=False, verbose=False, system=False, metrics=None, add_to_model_list=True, display=<pycaret.internal.Display.Display object at 0x000001B96390EF48>, kwargs={})
2021-10-12 20:55:16,297:INFO:Checking exceptions
2021-10-12 20:55:16,297:INFO:Importing libraries
2021-10-12 20:55:16,297:INFO:Copying training dataset
2021-10-12 20:55:16,298:INFO:Defining folds
2021-10-12 20:55:16,298:INFO:Declaring metric variables
2021-10-12 20:55:16,305:INFO:Importing untrained model
2021-10-12 20:55:16,314:INFO:CatBoost Regressor Imported succesfully
2021-10-12 20:55:16,328:INFO:Starting cross validation
2021-10-12 20:55:16,329:INFO:Cross validating with TimeSeriesSplit(max_train_size=None, n_splits=3), n_jobs=-1
2021-10-12 20:55:17,069:INFO:Calculating mean and std
2021-10-12 20:55:17,070:INFO:Creating metrics dataframe
2021-10-12 20:55:17,077:INFO:Uploading results into container
2021-10-12 20:55:17,077:INFO:Uploading model into container now
2021-10-12 20:55:17,077:INFO:create_model_container: 19
2021-10-12 20:55:17,077:INFO:master_model_container: 19
2021-10-12 20:55:17,077:INFO:display_container: 2
2021-10-12 20:55:17,077:INFO:PowerTransformedTargetRegressor(border_count=254, loss_function='RMSE',
                                power_transformer_method='box-cox',
                                power_transformer_standardize=True,
                                random_state=4762,
                                regressor=<catboost.core.CatBoostRegressor object at 0x000001B963967848>,
                                task_type='CPU', verbose=False)
2021-10-12 20:55:17,077:INFO:create_model() succesfully completed......................................
2021-10-12 20:55:17,145:INFO:SubProcess create_model() end ==================================
2021-10-12 20:55:17,145:INFO:Creating metrics dataframe
2021-10-12 20:55:17,189:INFO:Initializing create_model()
2021-10-12 20:55:17,189:INFO:create_model(estimator=PowerTransformedTargetRegressor(copy_X=True, fit_intercept=True, n_jobs=-1,
                                normalize=False,
                                power_transformer_method='box-cox',
                                power_transformer_standardize=True,
                                regressor=LinearRegression(copy_X=True,
                                                           fit_intercept=True,
                                                           n_jobs=-1,
                                                           normalize=False)), fold=TimeSeriesSplit(max_train_size=None, n_splits=3), round=4, cross_validation=False, predict=False, fit_kwargs={}, groups=None, refit=True, verbose=False, system=False, metrics=None, add_to_model_list=True, display=None, kwargs={})
2021-10-12 20:55:17,189:INFO:Checking exceptions
2021-10-12 20:55:17,189:INFO:Importing libraries
2021-10-12 20:55:17,190:INFO:Copying training dataset
2021-10-12 20:55:17,190:INFO:Defining folds
2021-10-12 20:55:17,190:INFO:Declaring metric variables
2021-10-12 20:55:17,190:INFO:Importing untrained model
2021-10-12 20:55:17,190:INFO:Declaring custom model
2021-10-12 20:55:17,191:INFO:Linear Regression Imported succesfully
2021-10-12 20:55:17,191:INFO:Cross validation set to False
2021-10-12 20:55:17,191:INFO:Fitting Model
2021-10-12 20:55:17,198:INFO:PowerTransformedTargetRegressor(copy_X=True, fit_intercept=True, n_jobs=-1,
                                normalize=False,
                                power_transformer_method='box-cox',
                                power_transformer_standardize=True,
                                regressor=LinearRegression(copy_X=True,
                                                           fit_intercept=True,
                                                           n_jobs=-1,
                                                           normalize=False))
2021-10-12 20:55:17,198:INFO:create_models() succesfully completed......................................
2021-10-12 20:55:17,321:INFO:create_model_container: 19
2021-10-12 20:55:17,321:INFO:master_model_container: 19
2021-10-12 20:55:17,321:INFO:display_container: 2
2021-10-12 20:55:17,322:INFO:PowerTransformedTargetRegressor(copy_X=True, fit_intercept=True, n_jobs=-1,
                                normalize=False,
                                power_transformer_method='box-cox',
                                power_transformer_standardize=True,
                                regressor=LinearRegression(copy_X=True,
                                                           fit_intercept=True,
                                                           n_jobs=-1,
                                                           normalize=False))
2021-10-12 20:55:17,322:INFO:compare_models() succesfully completed......................................
2021-10-12 20:58:33,404:INFO:Initializing predict_model()
2021-10-12 20:58:33,404:INFO:predict_model(estimator=PowerTransformedTargetRegressor(copy_X=True, fit_intercept=True, n_jobs=-1,
                                normalize=False,
                                power_transformer_method='box-cox',
                                power_transformer_standardize=True,
                                regressor=LinearRegression(copy_X=True,
                                                           fit_intercept=True,
                                                           n_jobs=-1,
                                                           normalize=False)), probability_threshold=None, encoded_labels=True, raw_score=False, round=4, verbose=True, ml_usecase=MLUsecase.REGRESSION, display=None)
2021-10-12 20:58:33,405:INFO:Checking exceptions
2021-10-12 20:58:33,405:INFO:Preloading libraries
2021-10-12 20:58:33,405:INFO:Preparing display monitor
